{"level":"info","message":"Server running at http://localhost:5555","timestamp":"2024-05-11 17:52:17"}
{"level":"info","message":"Connected to MongoDB...","timestamp":"2024-05-11 17:52:17"}
{"level":"info","message":"--------- Start Add Movie -----------","timestamp":"2024-05-11 17:55:59"}
{"level":"info","message":"Server running at http://localhost:5555","timestamp":"2024-05-11 18:00:07"}
{"level":"info","message":"Connected to MongoDB...","timestamp":"2024-05-11 18:00:08"}
{"level":"info","message":"Server running at http://localhost:5555","timestamp":"2024-05-11 18:00:23"}
{"level":"info","message":"Connected to MongoDB...","timestamp":"2024-05-11 18:00:24"}
{"level":"info","message":"Server running at http://localhost:5555","timestamp":"2024-05-11 18:01:08"}
{"level":"info","message":"Connected to MongoDB...","timestamp":"2024-05-11 18:01:08"}
{"level":"info","message":"--------- Start Add Movie -----------","timestamp":"2024-05-11 18:01:44"}
{"level":"error","message":"---------- Error On Add Movie Due To: TypeError: SetAddedMovieData is not a function -------------","timestamp":"2024-05-11 18:01:44"}
{"level":"info","message":"Server running at http://localhost:5555","timestamp":"2024-05-11 18:03:38"}
{"level":"info","message":"Connected to MongoDB...","timestamp":"2024-05-11 18:03:38"}
{"level":"info","message":"--------- Start Add Movie -----------","timestamp":"2024-05-11 18:03:53"}
{"level":"info","message":"--------- Start Setting Added Movie Data -----------","timestamp":"2024-05-11 18:03:53"}
{"level":"info","message":"--------- Finish Setting Added Movie Data Successfully -----------","timestamp":"2024-05-11 18:03:53"}
{"level":"info","message":"--------- Start Add Movie -----------","timestamp":"2024-05-11 18:03:53"}
{"level":"info","message":"--------- Finish Add Movie Successfully -----------","timestamp":"2024-05-11 18:03:53"}
{"level":"info","message":"--------- End Add Movie Successfully -----------","timestamp":"2024-05-11 18:03:53"}
{"level":"info","message":"--------- Start Update Movie -----------","timestamp":"2024-05-11 18:04:34"}
{"level":"error","message":"---------- Error On Update Movie To: TypeError: CheckValidIdObject is not a function -------------","timestamp":"2024-05-11 18:04:34"}
{"level":"info","message":"Server running at http://localhost:5555","timestamp":"2024-05-11 18:06:55"}
{"level":"info","message":"Connected to MongoDB...","timestamp":"2024-05-11 18:06:55"}
{"level":"info","message":"--------- Start Update Movie -----------","timestamp":"2024-05-11 18:07:19"}
{"level":"info","message":"--------- Get Movie By Id -----------","timestamp":"2024-05-11 18:07:19"}
{"level":"info","message":"--------- Get Movie By Id Successfully -----------","timestamp":"2024-05-11 18:07:19"}
{"level":"info","message":"--------- Start Setting Added Movie Data -----------","timestamp":"2024-05-11 18:07:19"}
{"level":"info","message":"--------- Finish Setting Added Movie Data Successfully -----------","timestamp":"2024-05-11 18:07:19"}
{"level":"info","message":"--------- Update Movie By Id -----------","timestamp":"2024-05-11 18:07:19"}
{"level":"info","message":"--------- Update Movie By Id Successfully -----------","timestamp":"2024-05-11 18:07:20"}
{"level":"info","message":"--------- End Update Movie Successfully -----------","timestamp":"2024-05-11 18:07:20"}
{"level":"info","message":"------------------ All Movies -----------------","timestamp":"2024-05-11 18:07:55"}
{"level":"info","message":"--------- Get All Movies -----------","timestamp":"2024-05-11 18:07:55"}
{"level":"info","message":"--------- Get All Movies Successfully -----------","timestamp":"2024-05-11 18:07:57"}
{"level":"info","message":"--------- Get All Movies Count -----------","timestamp":"2024-05-11 18:09:03"}
{"level":"info","message":"--------- Get All Movies Count Successfully -----------","timestamp":"2024-05-11 18:09:03"}
{"level":"info","message":"------------------ All Movies With Pagination -----------------","timestamp":"2024-05-11 18:09:03"}
{"level":"info","message":"--------- Get All Movies With Pagination -----------","timestamp":"2024-05-11 18:09:03"}
{"level":"info","message":"--------- Get All Movies With Pagination Successfully -----------","timestamp":"2024-05-11 18:09:05"}
{"level":"info","message":"------------------ Start Movie Deleteing -----------------","timestamp":"2024-05-11 18:10:20"}
{"level":"info","message":"--------- Get Movie By Id -----------","timestamp":"2024-05-11 18:10:20"}
{"level":"info","message":"--------- Get Movie By Id Successfully -----------","timestamp":"2024-05-11 18:10:20"}
{"level":"info","message":"--------- Delete Movie By Id -----------","timestamp":"2024-05-11 18:10:20"}
{"level":"info","message":"--------- Delete Movie By Id Successfully -----------","timestamp":"2024-05-11 18:10:20"}
{"level":"info","message":"------------------ Movie Deleted Successfully -----------------","timestamp":"2024-05-11 18:10:20"}
{"level":"info","message":"Server running at http://localhost:5555","timestamp":"2024-05-11 18:14:05"}
{"level":"info","message":"Connected to MongoDB...","timestamp":"2024-05-11 18:14:05"}
{"level":"info","message":"Server running at http://localhost:5555","timestamp":"2024-05-11 18:15:06"}
{"level":"info","message":"Connected to MongoDB...","timestamp":"2024-05-11 18:15:06"}
{"level":"info","message":"Server running at http://localhost:8080","timestamp":"2024-05-11 18:22:25"}
{"level":"info","message":"Connected to MongoDB...","timestamp":"2024-05-11 18:22:26"}
{"level":"info","message":"Server running at http://localhost:8080","timestamp":"2024-05-11 18:24:03"}
{"level":"info","message":"Connected to MongoDB...","timestamp":"2024-05-11 18:24:04"}
{"level":"info","message":"Server running at http://localhost:8080","timestamp":"2024-05-11 18:26:07"}
{"level":"info","message":"Connected to MongoDB...","timestamp":"2024-05-11 18:26:08"}
{"level":"info","message":"Server running at http://localhost:8080","timestamp":"2024-05-11 18:29:55"}
{"level":"info","message":"Connected to MongoDB...","timestamp":"2024-05-11 18:29:56"}
{"level":"info","message":"------------------ Movie with ID 663f86d11e0123ba625e6724 -----------------","timestamp":"2024-05-11 18:32:01"}
{"level":"info","message":"--------- Get Movie By Id -----------","timestamp":"2024-05-11 18:32:01"}
{"level":"info","message":"--------- Get Movie By Id Successfully -----------","timestamp":"2024-05-11 18:32:02"}
